[Tue Sep 12 18:48:24.402407 2023] [ssl:warn] [pid 9084:tid 444] AH01909: www.example.com:443:0 server certificate does NOT include an ID which matches the server name
[Tue Sep 12 18:48:24.472428 2023] [ssl:warn] [pid 9084:tid 444] AH01909: www.example.com:443:0 server certificate does NOT include an ID which matches the server name
[Tue Sep 12 18:48:24.558446 2023] [mpm_winnt:notice] [pid 9084:tid 444] AH00455: Apache/2.4.56 (Win64) OpenSSL/1.1.1t PHP/8.2.4 configured -- resuming normal operations
[Tue Sep 12 18:48:24.558446 2023] [mpm_winnt:notice] [pid 9084:tid 444] AH00456: Apache Lounge VS16 Server built: Mar  7 2023 13:21:03
[Tue Sep 12 18:48:24.558446 2023] [core:notice] [pid 9084:tid 444] AH00094: Command line: 'd:\\apponix\\future-friendly\\phy-fullstack\\database\\mysql\\xampp\\apache\\bin\\httpd.exe -d D:/Apponix/Future-Friendly/Phy-Fullstack/Database/MySql/xampp/apache'
[Tue Sep 12 18:48:24.568445 2023] [mpm_winnt:notice] [pid 9084:tid 444] AH00418: Parent: Created child process 732
[Tue Sep 12 18:48:25.149750 2023] [ssl:warn] [pid 732:tid 444] AH01909: www.example.com:443:0 server certificate does NOT include an ID which matches the server name
[Tue Sep 12 18:48:25.201865 2023] [ssl:warn] [pid 732:tid 444] AH01909: www.example.com:443:0 server certificate does NOT include an ID which matches the server name
[Tue Sep 12 18:48:25.256878 2023] [mpm_winnt:notice] [pid 732:tid 444] AH00354: Child: Starting 150 worker threads.
[Wed Sep 13 11:35:36.067609 2023] [ssl:warn] [pid 4600:tid 428] AH01909: www.example.com:443:0 server certificate does NOT include an ID which matches the server name
[Wed Sep 13 11:35:36.127626 2023] [core:warn] [pid 4600:tid 428] AH00098: pid file D:/Apponix/Future-Friendly/Phy-Fullstack/Database/MySql/xampp/apache/logs/httpd.pid overwritten -- Unclean shutdown of previous Apache run?
[Wed Sep 13 11:35:36.131626 2023] [ssl:warn] [pid 4600:tid 428] AH01909: www.example.com:443:0 server certificate does NOT include an ID which matches the server name
[Wed Sep 13 11:35:36.212643 2023] [mpm_winnt:notice] [pid 4600:tid 428] AH00455: Apache/2.4.56 (Win64) OpenSSL/1.1.1t PHP/8.2.4 configured -- resuming normal operations
[Wed Sep 13 11:35:36.212643 2023] [mpm_winnt:notice] [pid 4600:tid 428] AH00456: Apache Lounge VS16 Server built: Mar  7 2023 13:21:03
[Wed Sep 13 11:35:36.212643 2023] [core:notice] [pid 4600:tid 428] AH00094: Command line: 'd:\\apponix\\future-friendly\\phy-fullstack\\database\\mysql\\xampp\\apache\\bin\\httpd.exe -d D:/Apponix/Future-Friendly/Phy-Fullstack/Database/MySql/xampp/apache'
[Wed Sep 13 11:35:36.219647 2023] [mpm_winnt:notice] [pid 4600:tid 428] AH00418: Parent: Created child process 10276
[Wed Sep 13 11:35:36.728782 2023] [ssl:warn] [pid 10276:tid 400] AH01909: www.example.com:443:0 server certificate does NOT include an ID which matches the server name
[Wed Sep 13 11:35:36.776794 2023] [ssl:warn] [pid 10276:tid 400] AH01909: www.example.com:443:0 server certificate does NOT include an ID which matches the server name
[Wed Sep 13 11:35:36.832818 2023] [mpm_winnt:notice] [pid 10276:tid 400] AH00354: Child: Starting 150 worker threads.
[Wed Sep 13 18:39:41.141562 2023] [ssl:warn] [pid 1980:tid 424] AH01909: www.example.com:443:0 server certificate does NOT include an ID which matches the server name
[Wed Sep 13 18:39:41.170301 2023] [core:warn] [pid 1980:tid 424] AH00098: pid file D:/Apponix/Future-Friendly/Phy-Fullstack/Database/MySql/xampp/apache/logs/httpd.pid overwritten -- Unclean shutdown of previous Apache run?
[Wed Sep 13 18:39:41.172303 2023] [ssl:warn] [pid 1980:tid 424] AH01909: www.example.com:443:0 server certificate does NOT include an ID which matches the server name
[Wed Sep 13 18:39:41.446829 2023] [mpm_winnt:notice] [pid 1980:tid 424] AH00455: Apache/2.4.56 (Win64) OpenSSL/1.1.1t PHP/8.2.4 configured -- resuming normal operations
[Wed Sep 13 18:39:41.446829 2023] [mpm_winnt:notice] [pid 1980:tid 424] AH00456: Apache Lounge VS16 Server built: Mar  7 2023 13:21:03
[Wed Sep 13 18:39:41.446829 2023] [core:notice] [pid 1980:tid 424] AH00094: Command line: 'd:\\apponix\\future-friendly\\phy-fullstack\\database\\mysql\\xampp\\apache\\bin\\httpd.exe -d D:/Apponix/Future-Friendly/Phy-Fullstack/Database/MySql/xampp/apache'
[Wed Sep 13 18:39:41.451831 2023] [mpm_winnt:notice] [pid 1980:tid 424] AH00418: Parent: Created child process 8908
[Wed Sep 13 18:39:41.676375 2023] [ssl:warn] [pid 8908:tid 440] AH01909: www.example.com:443:0 server certificate does NOT include an ID which matches the server name
[Wed Sep 13 18:39:41.705345 2023] [ssl:warn] [pid 8908:tid 440] AH01909: www.example.com:443:0 server certificate does NOT include an ID which matches the server name
[Wed Sep 13 18:39:41.736337 2023] [mpm_winnt:notice] [pid 8908:tid 440] AH00354: Child: Starting 150 worker threads.
[Thu Sep 14 10:46:05.826562 2023] [ssl:warn] [pid 13392:tid 436] AH01909: www.example.com:443:0 server certificate does NOT include an ID which matches the server name
[Thu Sep 14 10:46:05.868942 2023] [core:warn] [pid 13392:tid 436] AH00098: pid file D:/Apponix/Future-Friendly/Phy-Fullstack/Database/MySql/xampp/apache/logs/httpd.pid overwritten -- Unclean shutdown of previous Apache run?
[Thu Sep 14 10:46:05.871943 2023] [ssl:warn] [pid 13392:tid 436] AH01909: www.example.com:443:0 server certificate does NOT include an ID which matches the server name
[Thu Sep 14 10:46:06.302232 2023] [mpm_winnt:notice] [pid 13392:tid 436] AH00455: Apache/2.4.56 (Win64) OpenSSL/1.1.1t PHP/8.2.4 configured -- resuming normal operations
[Thu Sep 14 10:46:06.302232 2023] [mpm_winnt:notice] [pid 13392:tid 436] AH00456: Apache Lounge VS16 Server built: Mar  7 2023 13:21:03
[Thu Sep 14 10:46:06.302232 2023] [core:notice] [pid 13392:tid 436] AH00094: Command line: 'd:\\apponix\\future-friendly\\phy-fullstack\\database\\mysql\\xampp\\apache\\bin\\httpd.exe -d D:/Apponix/Future-Friendly/Phy-Fullstack/Database/MySql/xampp/apache'
[Thu Sep 14 10:46:06.306232 2023] [mpm_winnt:notice] [pid 13392:tid 436] AH00418: Parent: Created child process 11368
[Thu Sep 14 10:46:06.581551 2023] [ssl:warn] [pid 11368:tid 448] AH01909: www.example.com:443:0 server certificate does NOT include an ID which matches the server name
[Thu Sep 14 10:46:06.613558 2023] [ssl:warn] [pid 11368:tid 448] AH01909: www.example.com:443:0 server certificate does NOT include an ID which matches the server name
[Thu Sep 14 10:46:06.647565 2023] [mpm_winnt:notice] [pid 11368:tid 448] AH00354: Child: Starting 150 worker threads.
[Thu Sep 14 19:22:04.306223 2023] [ssl:warn] [pid 3332:tid 452] AH01909: www.example.com:443:0 server certificate does NOT include an ID which matches the server name
[Thu Sep 14 19:22:04.351234 2023] [core:warn] [pid 3332:tid 452] AH00098: pid file D:/Apponix/Future-Friendly/Phy-Fullstack/Database/MySql/xampp/apache/logs/httpd.pid overwritten -- Unclean shutdown of previous Apache run?
[Thu Sep 14 19:22:04.354236 2023] [ssl:warn] [pid 3332:tid 452] AH01909: www.example.com:443:0 server certificate does NOT include an ID which matches the server name
[Thu Sep 14 19:22:04.401245 2023] [mpm_winnt:notice] [pid 3332:tid 452] AH00455: Apache/2.4.56 (Win64) OpenSSL/1.1.1t PHP/8.2.4 configured -- resuming normal operations
[Thu Sep 14 19:22:04.401245 2023] [mpm_winnt:notice] [pid 3332:tid 452] AH00456: Apache Lounge VS16 Server built: Mar  7 2023 13:21:03
[Thu Sep 14 19:22:04.401245 2023] [core:notice] [pid 3332:tid 452] AH00094: Command line: 'd:\\apponix\\future-friendly\\phy-fullstack\\database\\mysql\\xampp\\apache\\bin\\httpd.exe -d D:/Apponix/Future-Friendly/Phy-Fullstack/Database/MySql/xampp/apache'
[Thu Sep 14 19:22:04.406247 2023] [mpm_winnt:notice] [pid 3332:tid 452] AH00418: Parent: Created child process 15288
[Thu Sep 14 19:22:04.799338 2023] [ssl:warn] [pid 15288:tid 428] AH01909: www.example.com:443:0 server certificate does NOT include an ID which matches the server name
[Thu Sep 14 19:22:04.834773 2023] [ssl:warn] [pid 15288:tid 428] AH01909: www.example.com:443:0 server certificate does NOT include an ID which matches the server name
[Thu Sep 14 19:22:04.875789 2023] [mpm_winnt:notice] [pid 15288:tid 428] AH00354: Child: Starting 150 worker threads.
