2023-09-13 18:49:11 0 [Note] Starting MariaDB 10.4.28-MariaDB source revision c8f2e9a5c0ac5905f28b050b7df5a9ffd914b7e7 as process 13076
2023-09-13 18:49:11 0 [Note] InnoDB: The first innodb_system data file 'ibdata1' did not exist. A new tablespace will be created!
2023-09-13 18:49:11 0 [Note] InnoDB: Mutexes and rw_locks use Windows interlocked functions
2023-09-13 18:49:11 0 [Note] InnoDB: Uses event mutexes
2023-09-13 18:49:11 0 [Note] InnoDB: Compressed tables use zlib 1.2.12
2023-09-13 18:49:11 0 [Note] InnoDB: Number of pools: 1
2023-09-13 18:49:11 0 [Note] InnoDB: Using SSE2 crc32 instructions
2023-09-13 18:49:11 0 [Note] InnoDB: Initializing buffer pool, total size = 16M, instances = 1, chunk size = 16M
2023-09-13 18:49:11 0 [Note] InnoDB: Completed initialization of buffer pool
2023-09-13 18:49:11 0 [Note] InnoDB: Setting file 'D:\Apponix\Future-Friendly\Phy-Fullstack\Database\MySql\xampp\mysql\data\ibdata1' size to 10 MB. Physically writing the file full; Please wait ...
2023-09-13 18:49:11 0 [Note] InnoDB: File 'D:\Apponix\Future-Friendly\Phy-Fullstack\Database\MySql\xampp\mysql\data\ibdata1' size is now 10 MB.
2023-09-13 18:49:11 0 [Note] InnoDB: Setting log file D:\Apponix\Future-Friendly\Phy-Fullstack\Database\MySql\xampp\mysql\data\ib_logfile101 size to 5242880 bytes
2023-09-13 18:49:11 0 [Note] InnoDB: Setting log file D:\Apponix\Future-Friendly\Phy-Fullstack\Database\MySql\xampp\mysql\data\ib_logfile1 size to 5242880 bytes
2023-09-13 18:49:11 0 [Note] InnoDB: Renaming log file D:\Apponix\Future-Friendly\Phy-Fullstack\Database\MySql\xampp\mysql\data\ib_logfile101 to D:\Apponix\Future-Friendly\Phy-Fullstack\Database\MySql\xampp\mysql\data\ib_logfile0
2023-09-13 18:49:11 0 [Note] InnoDB: New log files created, LSN=11451
2023-09-13 18:49:11 0 [Note] InnoDB: Doublewrite buffer not found: creating new
2023-09-13 18:49:11 0 [Note] InnoDB: Doublewrite buffer created
2023-09-13 18:49:11 0 [Note] InnoDB: 128 out of 128 rollback segments are active.
2023-09-13 18:49:11 0 [Note] InnoDB: Creating foreign key constraint system tables.
2023-09-13 18:49:11 0 [Note] InnoDB: Creating tablespace and datafile system tables.
2023-09-13 18:49:11 0 [Note] InnoDB: Creating sys_virtual system tables.
2023-09-13 18:49:11 0 [Note] InnoDB: Creating shared tablespace for temporary tables
2023-09-13 18:49:11 0 [Note] InnoDB: Setting file 'D:\Apponix\Future-Friendly\Phy-Fullstack\Database\MySql\xampp\mysql\data\ibtmp1' size to 12 MB. Physically writing the file full; Please wait ...
2023-09-13 18:49:11 0 [Note] InnoDB: File 'D:\Apponix\Future-Friendly\Phy-Fullstack\Database\MySql\xampp\mysql\data\ibtmp1' size is now 12 MB.
2023-09-13 18:49:11 0 [Note] InnoDB: Waiting for purge to start
2023-09-13 18:49:11 0 [Note] InnoDB: 10.4.28 started; log sequence number 0; transaction id 7
2023-09-13 18:49:11 0 [Note] Plugin 'FEEDBACK' is disabled.
2023-09-13 18:49:11 0 [Note] Zerofilling moved table:  '.\mysql\plugin'
2023-09-13 18:49:11 0 [Note] Zerofilling moved table:  '.\mysql\servers'
2023-09-13 18:49:11 0 [Note] Server socket created on IP: '::'.
2023-09-14 10:46:10 0 [Note] Starting MariaDB 10.4.28-MariaDB source revision c8f2e9a5c0ac5905f28b050b7df5a9ffd914b7e7 as process 9868
2023-09-14 10:46:10 0 [Note] mysqld.exe: Aria engine: starting recovery
recovered pages: 0% 70% 100% (0.0 seconds); tables to flush: 1 0
 (0.0 seconds); 
2023-09-14 10:46:10 0 [Note] mysqld.exe: Aria engine: recovery done
2023-09-14 10:46:10 0 [Note] InnoDB: Mutexes and rw_locks use Windows interlocked functions
2023-09-14 10:46:10 0 [Note] InnoDB: Uses event mutexes
2023-09-14 10:46:10 0 [Note] InnoDB: Compressed tables use zlib 1.2.12
2023-09-14 10:46:10 0 [Note] InnoDB: Number of pools: 1
2023-09-14 10:46:10 0 [Note] InnoDB: Using SSE2 crc32 instructions
2023-09-14 10:46:10 0 [Note] InnoDB: Initializing buffer pool, total size = 16M, instances = 1, chunk size = 16M
2023-09-14 10:46:10 0 [Note] InnoDB: Completed initialization of buffer pool
2023-09-14 10:46:10 0 [Note] InnoDB: Starting crash recovery from checkpoint LSN=47047
2023-09-14 10:46:10 0 [Note] InnoDB: 128 out of 128 rollback segments are active.
2023-09-14 10:46:10 0 [Note] InnoDB: Removed temporary tablespace data file: "ibtmp1"
2023-09-14 10:46:10 0 [Note] InnoDB: Creating shared tablespace for temporary tables
2023-09-14 10:46:10 0 [Note] InnoDB: Setting file 'D:\Apponix\Future-Friendly\Phy-Fullstack\Database\MySql\xampp\mysql\data\ibtmp1' size to 12 MB. Physically writing the file full; Please wait ...
2023-09-14 10:46:10 0 [Note] InnoDB: File 'D:\Apponix\Future-Friendly\Phy-Fullstack\Database\MySql\xampp\mysql\data\ibtmp1' size is now 12 MB.
2023-09-14 10:46:10 0 [Note] InnoDB: Waiting for purge to start
2023-09-14 10:46:10 0 [Note] InnoDB: 10.4.28 started; log sequence number 47056; transaction id 8
2023-09-14 10:46:10 0 [Note] InnoDB: Loading buffer pool(s) from D:\Apponix\Future-Friendly\Phy-Fullstack\Database\MySql\xampp\mysql\data\ib_buffer_pool
2023-09-14 10:46:10 0 [Note] Plugin 'FEEDBACK' is disabled.
2023-09-14 10:46:10 0 [Note] InnoDB: Cannot open 'D:\Apponix\Future-Friendly\Phy-Fullstack\Database\MySql\xampp\mysql\data\ib_buffer_pool' for reading: No such file or directory
2023-09-14 10:46:10 0 [Note] Server socket created on IP: '::'.
2023-09-14 19:22:07 0 [Note] Starting MariaDB 10.4.28-MariaDB source revision c8f2e9a5c0ac5905f28b050b7df5a9ffd914b7e7 as process 8
2023-09-14 19:22:07 0 [Note] InnoDB: Mutexes and rw_locks use Windows interlocked functions
2023-09-14 19:22:07 0 [Note] InnoDB: Uses event mutexes
2023-09-14 19:22:07 0 [Note] InnoDB: Compressed tables use zlib 1.2.12
2023-09-14 19:22:07 0 [Note] InnoDB: Number of pools: 1
2023-09-14 19:22:07 0 [Note] InnoDB: Using SSE2 crc32 instructions
2023-09-14 19:22:07 0 [Note] InnoDB: Initializing buffer pool, total size = 16M, instances = 1, chunk size = 16M
2023-09-14 19:22:07 0 [Note] InnoDB: Completed initialization of buffer pool
2023-09-14 19:22:07 0 [Note] InnoDB: Starting crash recovery from checkpoint LSN=51941
2023-09-14 19:22:07 0 [Note] InnoDB: 128 out of 128 rollback segments are active.
2023-09-14 19:22:07 0 [Note] InnoDB: Removed temporary tablespace data file: "ibtmp1"
2023-09-14 19:22:07 0 [Note] InnoDB: Creating shared tablespace for temporary tables
2023-09-14 19:22:07 0 [Note] InnoDB: Setting file 'D:\Apponix\Future-Friendly\Phy-Fullstack\Database\MySql\xampp\mysql\data\ibtmp1' size to 12 MB. Physically writing the file full; Please wait ...
2023-09-14 19:22:07 0 [Note] InnoDB: File 'D:\Apponix\Future-Friendly\Phy-Fullstack\Database\MySql\xampp\mysql\data\ibtmp1' size is now 12 MB.
2023-09-14 19:22:07 0 [Note] InnoDB: Waiting for purge to start
2023-09-14 19:22:07 0 [Note] InnoDB: 10.4.28 started; log sequence number 51950; transaction id 17
2023-09-14 19:22:07 0 [Note] InnoDB: Loading buffer pool(s) from D:\Apponix\Future-Friendly\Phy-Fullstack\Database\MySql\xampp\mysql\data\ib_buffer_pool
2023-09-14 19:22:07 0 [Note] Plugin 'FEEDBACK' is disabled.
2023-09-14 19:22:07 0 [Note] InnoDB: Cannot open 'D:\Apponix\Future-Friendly\Phy-Fullstack\Database\MySql\xampp\mysql\data\ib_buffer_pool' for reading: No such file or directory
2023-09-14 19:22:07 0 [Note] Server socket created on IP: '::'.
